\BOOKMARK [0][-]{chapter*.1}{ABSTRACT}{}% 1
\BOOKMARK [0][-]{chapter*.2}{ACKNOWLEDGEMENTS}{}% 2
\BOOKMARK [0][-]{chapter*.4}{LIST OF TABLES}{}% 3
\BOOKMARK [0][-]{chapter*.5}{LIST OF FIGURES}{}% 4
\BOOKMARK [0][-]{chapter*.6}{ABBREVIATIONS}{}% 5
\BOOKMARK [0][-]{chapter*.7}{LIST OF SYMBOLS}{}% 6
\BOOKMARK [0][-]{chapter.1}{Introduction}{}% 7
\BOOKMARK [1][-]{section.1.1}{Overview}{chapter.1}% 8
\BOOKMARK [1][-]{section.1.2}{Problem Statement}{chapter.1}% 9
\BOOKMARK [1][-]{section.1.3}{Objective}{chapter.1}% 10
\BOOKMARK [1][-]{section.1.4}{Organization of the report}{chapter.1}% 11
\BOOKMARK [0][-]{chapter.2}{Specifications}{}% 12
\BOOKMARK [1][-]{section.2.1}{Introduction}{chapter.2}% 13
\BOOKMARK [2][-]{subsection.2.1.1}{Purpose}{section.2.1}% 14
\BOOKMARK [2][-]{subsection.2.1.2}{Project Scope}{section.2.1}% 15
\BOOKMARK [1][-]{section.2.2}{Overall Description}{chapter.2}% 16
\BOOKMARK [2][-]{subsection.2.2.1}{Product Features}{section.2.2}% 17
\BOOKMARK [2][-]{subsection.2.2.2}{User classes and characteristics}{section.2.2}% 18
\BOOKMARK [2][-]{subsection.2.2.3}{Operating environment}{section.2.2}% 19
\BOOKMARK [2][-]{subsection.2.2.4}{Design and Implementation Constraints, Assumptions and dependencies}{section.2.2}% 20
\BOOKMARK [1][-]{section.2.3}{External Interface Requirements}{chapter.2}% 21
\BOOKMARK [2][-]{subsection.2.3.1}{User Interface}{section.2.3}% 22
\BOOKMARK [2][-]{subsection.2.3.2}{Hardware Interface}{section.2.3}% 23
\BOOKMARK [2][-]{subsection.2.3.3}{Software Interface}{section.2.3}% 24
\BOOKMARK [2][-]{subsection.2.3.4}{Communication Interface}{section.2.3}% 25
\BOOKMARK [1][-]{section.2.4}{Other non-functional Requirements}{chapter.2}% 26
\BOOKMARK [2][-]{subsection.2.4.1}{Performance Requirements}{section.2.4}% 27
\BOOKMARK [2][-]{subsection.2.4.2}{Security Requirement}{section.2.4}% 28
\BOOKMARK [0][-]{chapter.3}{System Implementation}{}% 29
\BOOKMARK [1][-]{section.3.1}{Overview of the Platform}{chapter.3}% 30
\BOOKMARK [2][-]{subsection.3.1.1}{Java}{section.3.1}% 31
\BOOKMARK [2][-]{subsection.3.1.2}{Kotlin}{section.3.1}% 32
\BOOKMARK [2][-]{subsection.3.1.3}{Django\(Web Framework\)}{section.3.1}% 33
\BOOKMARK [2][-]{subsection.3.1.4}{Git}{section.3.1}% 34
\BOOKMARK [2][-]{subsection.3.1.5}{RESTful API}{section.3.1}% 35
\BOOKMARK [2][-]{subsection.3.1.6}{JSON}{section.3.1}% 36
\BOOKMARK [2][-]{subsection.3.1.7}{Android}{section.3.1}% 37
\BOOKMARK [2][-]{subsection.3.1.8}{Android Studio}{section.3.1}% 38
\BOOKMARK [2][-]{subsection.3.1.9}{SQLite}{section.3.1}% 39
\BOOKMARK [2][-]{subsection.3.1.10}{Open Source Libraries for Android}{section.3.1}% 40
\BOOKMARK [1][-]{section.3.2}{Implementation Details}{chapter.3}% 41
\BOOKMARK [2][-]{subsection.3.2.1}{Simulation Parameters}{section.3.2}% 42
\BOOKMARK [2][-]{subsection.3.2.2}{Sample coding}{section.3.2}% 43
\BOOKMARK [2][-]{subsection.3.2.3}{Screen Shots}{section.3.2}% 44
\BOOKMARK [1][-]{section.3.3}{Summary}{chapter.3}% 45
\BOOKMARK [0][-]{chapter.4}{INTRODUCTION}{}% 46
\BOOKMARK [1][-]{section.4.1}{Inverse Problem}{chapter.4}% 47
\BOOKMARK [2][-]{subsection.4.1.1}{Sub sections}{section.4.1}% 48
\BOOKMARK [0][-]{chapter.5}{LITERATURE SURVEY}{}% 49
\BOOKMARK [1][-]{section.5.1}{Frequency Domain SI}{chapter.5}% 50
\BOOKMARK [1][-]{section.5.2}{Particle Swarm Optimization}{chapter.5}% 51
\BOOKMARK [0][-]{chapter.6}{System Analysis}{}% 52
\BOOKMARK [0][-]{chapter.7}{System Design}{}% 53
\BOOKMARK [1][-]{section.7.1}{Tables and Figures}{chapter.7}% 54
\BOOKMARK [0][-]{chapter.8}{Coding, Testing}{}% 55
\BOOKMARK [0][-]{chapter.9}{Conclusion}{}% 56
\BOOKMARK [0][-]{chapter.10}{Future Enhancement}{}% 57
\BOOKMARK [0][-]{appendix.A}{VECTOR ALGEBRA}{}% 58
\BOOKMARK [1][-]{section.A.1}{Product of Two Vectors}{appendix.A}% 59
\BOOKMARK [0][-]{appendix.B}{MATRIX ALGEBRA}{}% 60
\BOOKMARK [1][-]{section.B.1}{Matrix Multiplication}{appendix.B}% 61
